<?xml version="1.0" encoding="UTF-8"?>
<!-- Generated by org.testng.reporters.JUnitXMLReporter -->
<testsuite ignored="2" hostname="LAPTOP-9SAO9B6V" failures="0" tests="1" name="LoginTest" time="0.024" errors="0" timestamp="2021-01-26T22:31:35 GMT">
  <testcase classname="com.w2a.base.TestBase" name="@BeforeSuite setUp" time="1.726">
    <failure type="org.openqa.selenium.WebDriverException" message="unknown error: cannot find Chrome binary
Build info: version: &amp;apos;3.141.59&amp;apos;, revision: &amp;apos;e82be7d358&amp;apos;, time: &amp;apos;2018-11-14T08:17:03&amp;apos;
System info: host: &amp;apos;LAPTOP-9SAO9B6V&amp;apos;, ip: &amp;apos;192.168.0.109&amp;apos;, os.name: &amp;apos;Windows 10&amp;apos;, os.arch: &amp;apos;amd64&amp;apos;, os.version: &amp;apos;10.0&amp;apos;, java.version: &amp;apos;15.0.2&amp;apos;
Driver info: driver.version: ChromeDriver
remote stacktrace: Backtrace:
	Ordinal0 [0x00457DF3+1474035]
	Ordinal0 [0x003D07D1+919505]
	Ordinal0 [0x0036CB43+510787]
	Ordinal0 [0x002FDDE9+56809]
	Ordinal0 [0x00320CE4+199908]
	Ordinal0 [0x0032069D+198301]
	Ordinal0 [0x0031EECB+192203]
	Ordinal0 [0x00305FF6+90102]
	Ordinal0 [0x0030765A+95834]
	Ordinal0 [0x00307554+95572]
	GetHandleVerifier [0x005B231C+1249612]
	GetHandleVerifier [0x00501575+525221]
	GetHandleVerifier [0x00501310+524608]
	Ordinal0 [0x00465D28+1531176]
	GetHandleVerifier [0x00501D4A+527226]
	Ordinal0 [0x003E75F6+1013238]
	Ordinal0 [0x003E746F+1012847]
	Ordinal0 [0x003F365B+1062491]
	Ordinal0 [0x003F379F+1062815]
	Ordinal0 [0x003F2745+1058629]
	BaseThreadInitThunk [0x759EFA29+25]
	RtlGetAppContainerNamedObjectPath [0x77B175F4+228]
	RtlGetAppContainerNamedObjectPath [0x77B175C4+180]
">
      <![CDATA[org.openqa.selenium.WebDriverException: unknown error: cannot find Chrome binary
Build info: version: '3.141.59', revision: 'e82be7d358', time: '2018-11-14T08:17:03'
System info: host: 'LAPTOP-9SAO9B6V', ip: '192.168.0.109', os.name: 'Windows 10', os.arch: 'amd64', os.version: '10.0', java.version: '15.0.2'
Driver info: driver.version: ChromeDriver
remote stacktrace: Backtrace:
Ordinal0 [0x00457DF3+1474035]
Ordinal0 [0x003D07D1+919505]
Ordinal0 [0x0036CB43+510787]
Ordinal0 [0x002FDDE9+56809]
Ordinal0 [0x00320CE4+199908]
Ordinal0 [0x0032069D+198301]
Ordinal0 [0x0031EECB+192203]
Ordinal0 [0x00305FF6+90102]
Ordinal0 [0x0030765A+95834]
Ordinal0 [0x00307554+95572]
GetHandleVerifier [0x005B231C+1249612]
GetHandleVerifier [0x00501575+525221]
GetHandleVerifier [0x00501310+524608]
Ordinal0 [0x00465D28+1531176]
GetHandleVerifier [0x00501D4A+527226]
Ordinal0 [0x003E75F6+1013238]
Ordinal0 [0x003E746F+1012847]
Ordinal0 [0x003F365B+1062491]
Ordinal0 [0x003F379F+1062815]
Ordinal0 [0x003F2745+1058629]
BaseThreadInitThunk [0x759EFA29+25]
RtlGetAppContainerNamedObjectPath [0x77B175F4+228]
RtlGetAppContainerNamedObjectPath [0x77B175C4+180]

at org.openqa.selenium.remote.W3CHandshakeResponse.lambda$errorHandler$0(W3CHandshakeResponse.java:62)
at org.openqa.selenium.remote.HandshakeResponse.lambda$getResponseFunction$0(HandshakeResponse.java:30)
at org.openqa.selenium.remote.ProtocolHandshake.lambda$createSession$0(ProtocolHandshake.java:126)
at java.base/java.util.stream.ReferencePipeline$3$1.accept(ReferencePipeline.java:195)
at java.base/java.util.Spliterators$ArraySpliterator.tryAdvance(Spliterators.java:958)
at java.base/java.util.stream.ReferencePipeline.forEachWithCancel(ReferencePipeline.java:127)
at java.base/java.util.stream.AbstractPipeline.copyIntoWithCancel(AbstractPipeline.java:502)
at java.base/java.util.stream.AbstractPipeline.copyInto(AbstractPipeline.java:488)
at java.base/java.util.stream.AbstractPipeline.wrapAndCopyInto(AbstractPipeline.java:474)
at java.base/java.util.stream.FindOps$FindOp.evaluateSequential(FindOps.java:150)
at java.base/java.util.stream.AbstractPipeline.evaluate(AbstractPipeline.java:234)
at java.base/java.util.stream.ReferencePipeline.findFirst(ReferencePipeline.java:543)
at org.openqa.selenium.remote.ProtocolHandshake.createSession(ProtocolHandshake.java:128)
at org.openqa.selenium.remote.ProtocolHandshake.createSession(ProtocolHandshake.java:74)
at org.openqa.selenium.remote.HttpCommandExecutor.execute(HttpCommandExecutor.java:136)
at org.openqa.selenium.remote.service.DriverCommandExecutor.execute(DriverCommandExecutor.java:83)
at org.openqa.selenium.remote.RemoteWebDriver.execute(RemoteWebDriver.java:552)
at org.openqa.selenium.remote.RemoteWebDriver.startSession(RemoteWebDriver.java:213)
at org.openqa.selenium.remote.RemoteWebDriver.<init>(RemoteWebDriver.java:131)
at org.openqa.selenium.chrome.ChromeDriver.<init>(ChromeDriver.java:181)
at org.openqa.selenium.chrome.ChromeDriver.<init>(ChromeDriver.java:168)
at org.openqa.selenium.chrome.ChromeDriver.<init>(ChromeDriver.java:123)
at com.w2a.base.TestBase.setUp(TestBase.java:67)
... Removed 24 stack frames]]>
    </failure>
  </testcase> <!-- @BeforeSuite setUp -->
  <testcase classname="com.w2a.testcases.LoginTest" name="loginAsBankManager" time="0.0">
    <skipped/>
  </testcase> <!-- loginAsBankManager -->
  <testcase classname="com.w2a.base.TestBase" name="@BeforeSuite setUp" time="0.0">
    <ignored/>
  </testcase> <!-- @BeforeSuite setUp -->
  <testcase classname="com.w2a.base.TestBase" name="@AfterSuite clearDown" time="0.0">
    <ignored/>
  </testcase> <!-- @AfterSuite clearDown -->
</testsuite> <!-- LoginTest -->
