<?xml version="1.0" encoding="UTF-8"?>
<testng-results ignored="0" total="2" passed="1" failed="1" skipped="0">
  <reporter-output>
    <line>
      <![CDATA[Capturing Screenshot]]>
    </line>
    <line>
      <![CDATA[<a target = "_blank" href ="C:\old\Aston.png"> Screenshot </a>]]>
    </line>
    <line>
      <![CDATA[<br>]]>
    </line>
    <line>
      <![CDATA[<a target = "_blank" href ="C:\old\Aston.png"> <img src="C:\old\Aston.png" height=100 width=100> </img> </a>]]>
    </line>
  </reporter-output>
  <suite started-at="2021-01-29T17:53:30 GMT" name="Data Driven" finished-at="2021-01-29T17:53:31 GMT" duration-ms="1438">
    <groups>
    </groups>
    <test started-at="2021-01-29T17:53:30 GMT" name="BankManagerLoginTest" finished-at="2021-01-29T17:53:30 GMT" duration-ms="435">
      <class name="com.w2a.testcases.BankManagerLoginTest">
        <test-method signature="loginAsBankManager()[pri:0, instance:com.w2a.testcases.BankManagerLoginTest@7c8c9a05]" started-at="2021-01-29T17:53:30 GMT" name="loginAsBankManager" finished-at="2021-01-29T17:53:30 GMT" duration-ms="381" status="FAIL">
          <exception class="java.lang.AssertionError">
            <message>
              <![CDATA[login not successful]]>
            </message>
            <full-stacktrace>
              <![CDATA[java.lang.AssertionError: login not successful
at org.testng.Assert.fail(Assert.java:99)
at com.w2a.testcases.BankManagerLoginTest.loginAsBankManager(BankManagerLoginTest.java:19)
at java.base/jdk.internal.reflect.NativeMethodAccessorImpl.invoke0(Native Method)
at java.base/jdk.internal.reflect.NativeMethodAccessorImpl.invoke(NativeMethodAccessorImpl.java:64)
at java.base/jdk.internal.reflect.DelegatingMethodAccessorImpl.invoke(DelegatingMethodAccessorImpl.java:43)
at java.base/java.lang.reflect.Method.invoke(Method.java:564)
at org.testng.internal.MethodInvocationHelper.invokeMethod(MethodInvocationHelper.java:132)
at org.testng.internal.TestInvoker.invokeMethod(TestInvoker.java:599)
at org.testng.internal.TestInvoker.invokeTestMethod(TestInvoker.java:174)
at org.testng.internal.MethodRunner.runInSequence(MethodRunner.java:46)
at org.testng.internal.TestInvoker$MethodInvocationAgent.invoke(TestInvoker.java:822)
at org.testng.internal.TestInvoker.invokeTestMethods(TestInvoker.java:147)
at org.testng.internal.TestMethodWorker.invokeTestMethods(TestMethodWorker.java:146)
at org.testng.internal.TestMethodWorker.run(TestMethodWorker.java:128)
at java.base/java.util.ArrayList.forEach(ArrayList.java:1511)
at org.testng.TestRunner.privateRun(TestRunner.java:764)
at org.testng.TestRunner.run(TestRunner.java:585)
at org.testng.SuiteRunner.runTest(SuiteRunner.java:384)
at org.testng.SuiteRunner.runSequentially(SuiteRunner.java:378)
at org.testng.SuiteRunner.privateRun(SuiteRunner.java:337)
at org.testng.SuiteRunner.run(SuiteRunner.java:286)
at org.testng.SuiteRunnerWorker.runSuite(SuiteRunnerWorker.java:53)
at org.testng.SuiteRunnerWorker.run(SuiteRunnerWorker.java:96)
at org.testng.TestNG.runSuitesSequentially(TestNG.java:1218)
at org.testng.TestNG.runSuitesLocally(TestNG.java:1140)
at org.testng.TestNG.runSuites(TestNG.java:1069)
at org.testng.TestNG.run(TestNG.java:1037)
at org.testng.remote.AbstractRemoteTestNG.run(AbstractRemoteTestNG.java:115)
at org.testng.remote.RemoteTestNG.initAndRun(RemoteTestNG.java:251)
at org.testng.remote.RemoteTestNG.main(RemoteTestNG.java:77)
]]>
            </full-stacktrace>
          </exception> <!-- java.lang.AssertionError -->
          <reporter-output>
            <line>
              <![CDATA[Capturing Screenshot]]>
            </line>
            <line>
              <![CDATA[<a target = "_blank" href ="C:\old\Aston.png"> Screenshot </a>]]>
            </line>
            <line>
              <![CDATA[<br>]]>
            </line>
            <line>
              <![CDATA[<a target = "_blank" href ="C:\old\Aston.png"> <img src="C:\old\Aston.png" height=100 width=100> </img> </a>]]>
            </line>
          </reporter-output>
        </test-method> <!-- loginAsBankManager -->
      </class> <!-- com.w2a.testcases.BankManagerLoginTest -->
    </test> <!-- BankManagerLoginTest -->
    <test started-at="2021-01-29T17:53:30 GMT" name="Add Customer Test" finished-at="2021-01-29T17:53:31 GMT" duration-ms="931">
      <class name="com.w2a.testcases.AddCustomerTest">
        <test-method is-config="true" signature="setUp()[pri:0, instance:com.w2a.testcases.AddCustomerTest@5ba88be8]" started-at="2021-01-29T17:53:20 GMT" name="setUp" finished-at="2021-01-29T17:53:30 GMT" duration-ms="9255" status="PASS">
          <reporter-output>
          </reporter-output>
        </test-method> <!-- setUp -->
        <test-method signature="AddCustomer(java.lang.String, java.lang.String, java.lang.String, java.lang.String)[pri:0, instance:com.w2a.testcases.AddCustomerTest@5ba88be8]" started-at="2021-01-29T17:53:30 GMT" name="AddCustomer" data-provider="getData" finished-at="2021-01-29T17:53:31 GMT" duration-ms="917" status="PASS">
          <params>
            <param index="0">
              <value>
                <![CDATA[thamil]]>
              </value>
            </param>
            <param index="1">
              <value>
                <![CDATA[alagan]]>
              </value>
            </param>
            <param index="2">
              <value>
                <![CDATA[b27 a93]]>
              </value>
            </param>
            <param index="3">
              <value>
                <![CDATA[Customer added successfully]]>
              </value>
            </param>
          </params>
          <reporter-output>
          </reporter-output>
        </test-method> <!-- AddCustomer -->
        <test-method is-config="true" signature="clearDown()[pri:0, instance:com.w2a.testcases.AddCustomerTest@5ba88be8]" started-at="2021-01-29T17:53:31 GMT" name="clearDown" finished-at="2021-01-29T17:53:32 GMT" duration-ms="697" status="PASS">
          <reporter-output>
          </reporter-output>
        </test-method> <!-- clearDown -->
      </class> <!-- com.w2a.testcases.AddCustomerTest -->
    </test> <!-- Add Customer Test -->
  </suite> <!-- Data Driven -->
</testng-results>
